<?xml version="1.0" encoding="utf-8"?><testsuites name="pytest tests"><testsuite name="pytest" errors="0" failures="0" skipped="0" tests="13" time="1.122" timestamp="2026-07-08T22:48:45.618919+00:00" hostname="agent-env-b9316bba-5079-47d3-94d3-bab936eab291"><testcase classname="tests.test_fixmycar_api.TestContacts" name="test_create_contact" time="0.260" /><testcase classname="tests.test_fixmycar_api.TestBookings" name="test_create_booking_minimal" time="0.333" /><testcase classname="tests.test_fixmycar_api.TestContacts" name="test_contact_missing_name" time="0.065" /><testcase classname="tests.test_fixmycar_api.TestContacts" name="test_contact_missing_mobile" time="0.046" /><testcase classname="tests.test_fixmycar_api.TestBookings" name="test_create_booking_full" time="0.091" /><testcase classname="tests.test_fixmycar_api.TestContacts" name="test_contact_missing_message" time="0.046" /><testcase classname="tests.test_fixmycar_api.TestContacts" name="test_contact_empty_strings" time="0.046" /><testcase classname="tests.test_fixmycar_api.TestBookings" name="test_create_booking_missing_name" time="0.045" /><testcase classname="tests.test_fixmycar_api.TestContacts" name="test_list_contacts_contains_created" time="0.048" /><testcase classname="tests.test_fixmycar_api.TestBookings" name="test_create_booking_missing_mobile" time="0.049" /><testcase classname="tests.test_fixmycar_api.TestRoot" name="test_root" time="0.086" /><testcase classname="tests.test_fixmycar_api.TestBookings" name="test_create_booking_empty_strings" time="0.051" /><testcase classname="tests.test_fixmycar_api.TestBookings" name="test_list_bookings_contains_created" time="0.047" /></testsuite></testsuites>